<?xml version="1.0" encoding="UTF-8" ?>
<<<<<<< Updated upstream
<testsuite tests="3" failures="0" name="com.eronalves1996.SelfClosingTagTest" time="0.006" errors="0" skipped="0">
=======
<testsuite tests="4" failures="0" name="com.eronalves1996.SelfClosingTagTest" time="0.013" errors="0" skipped="0">
>>>>>>> Stashed changes
  <properties>
    <property name="java.runtime.name" value="OpenJDK Runtime Environment"/>
    <property name="java.vm.version" value="19.0.2+9"/>
    <property name="sun.boot.library.path" value="/home/eronads/.sdkman/candidates/java/19.0.2.fx-librca/lib"/>
    <property name="maven.multiModuleProjectDirectory" value="/home/eronads/repos/java/JSXParser"/>
    <property name="java.vm.vendor" value="BellSoft"/>
    <property name="java.vendor.url" value="https://bell-sw.com/"/>
    <property name="guice.disable.misplaced.annotation.check" value="true"/>
    <property name="path.separator" value=":"/>
    <property name="java.vm.name" value="OpenJDK 64-Bit Server VM"/>
    <property name="user.country" value="BR"/>
    <property name="sun.java.launcher" value="SUN_STANDARD"/>
    <property name="java.vm.specification.name" value="Java Virtual Machine Specification"/>
    <property name="user.dir" value="/home/eronads/repos/java/JSXParser"/>
    <property name="java.vm.compressedOopsMode" value="32-bit"/>
    <property name="java.runtime.version" value="19.0.2+9"/>
    <property name="os.arch" value="amd64"/>
    <property name="java.io.tmpdir" value="/tmp"/>
    <property name="line.separator" value="
"/>
    <property name="java.vm.specification.vendor" value="Oracle Corporation"/>
    <property name="stderr.encoding" value="UTF-8"/>
    <property name="os.name" value="Linux"/>
    <property name="classworlds.conf" value="/home/eronads/.sdkman/candidates/maven/current/bin/m2.conf"/>
    <property name="sun.jnu.encoding" value="UTF-8"/>
    <property name="stdout.encoding" value="UTF-8"/>
    <property name="java.library.path" value="/usr/java/packages/lib:/usr/lib64:/lib64:/lib:/usr/lib"/>
    <property name="maven.conf" value="/home/eronads/.sdkman/candidates/maven/current/conf"/>
    <property name="jdk.debug" value="release"/>
    <property name="java.class.version" value="63.0"/>
    <property name="java.specification.name" value="Java Platform API Specification"/>
    <property name="sun.management.compiler" value="HotSpot 64-Bit Tiered Compilers"/>
    <property name="os.version" value="6.1.12-arch1-1"/>
    <property name="library.jansi.path" value="/home/eronads/.sdkman/candidates/maven/current/lib/jansi-native"/>
    <property name="user.home" value="/home/eronads"/>
    <property name="user.timezone" value="America/Sao_Paulo"/>
    <property name="file.encoding" value="UTF-8"/>
    <property name="java.specification.version" value="19"/>
    <property name="user.name" value="eronads"/>
    <property name="java.class.path" value="/home/eronads/.sdkman/candidates/maven/current/boot/plexus-classworlds-2.6.0.jar"/>
    <property name="java.vm.specification.version" value="19"/>
    <property name="sun.arch.data.model" value="64"/>
    <property name="sun.java.command" value="org.codehaus.plexus.classworlds.launcher.Launcher test"/>
    <property name="java.home" value="/home/eronads/.sdkman/candidates/java/19.0.2.fx-librca"/>
    <property name="user.language" value="pt"/>
    <property name="java.specification.vendor" value="Oracle Corporation"/>
    <property name="java.vm.info" value="mixed mode, sharing"/>
    <property name="java.version" value="19.0.2"/>
    <property name="native.encoding" value="UTF-8"/>
    <property name="java.vendor" value="BellSoft"/>
    <property name="maven.home" value="/home/eronads/.sdkman/candidates/maven/current"/>
    <property name="file.separator" value="/"/>
    <property name="java.version.date" value="2023-01-17"/>
    <property name="java.vendor.url.bug" value="https://bell-sw.com/support"/>
    <property name="sun.io.unicode.encoding" value="UnicodeLittle"/>
    <property name="sun.cpu.endian" value="little"/>
  </properties>
<<<<<<< Updated upstream
  <testcase classname="com.eronalves1996.SelfClosingTagTest" name="com.eronalves1996.SelfClosingTagTest.testSelfClosingTag" time="0.002"/>
  <testcase classname="com.eronalves1996.SelfClosingTagTest" name="com.eronalves1996.SelfClosingTagTest.testParseAJSXElementNameFromSelfClosingTag" time="0"/>
  <testcase classname="com.eronalves1996.SelfClosingTagTest" name="com.eronalves1996.SelfClosingTagTest.testParseElementWithSingleAttribute" time="0.004"/>
=======
  <testcase classname="com.eronalves1996.SelfClosingTagTest" name="com.eronalves1996.SelfClosingTagTest.testParseElementWithSingleAttribute" time="0.004"/>
  <testcase classname="com.eronalves1996.SelfClosingTagTest" name="com.eronalves1996.SelfClosingTagTest.testParseElementWithManyAttributes" time="0.009"/>
  <testcase classname="com.eronalves1996.SelfClosingTagTest" name="com.eronalves1996.SelfClosingTagTest.testSelfClosingTag" time="0"/>
  <testcase classname="com.eronalves1996.SelfClosingTagTest" name="com.eronalves1996.SelfClosingTagTest.testParseAJSXElementNameFromSelfClosingTag" time="0"/>
>>>>>>> Stashed changes
</testsuite>