<?xml version="1.0" encoding="UTF-8" ?>
<testsuite tests="2" failures="1" name="com.eronalves1996.OpenAndClosingTagsTest" time="0.011" errors="0" skipped="0">
  <properties>
    <property name="java.runtime.name" value="OpenJDK Runtime Environment"/>
    <property name="java.vm.version" value="19.0.2+9"/>
    <property name="sun.boot.library.path" value="/home/eronads/.sdkman/candidates/java/19.0.2.fx-librca/lib"/>
    <property name="maven.multiModuleProjectDirectory" value="/home/eronads/repos/java/JSXParser"/>
    <property name="java.vm.vendor" value="BellSoft"/>
    <property name="java.vendor.url" value="https://bell-sw.com/"/>
    <property name="guice.disable.misplaced.annotation.check" value="true"/>
    <property name="path.separator" value=":"/>
    <property name="java.vm.name" value="OpenJDK 64-Bit Server VM"/>
    <property name="user.country" value="BR"/>
    <property name="sun.java.launcher" value="SUN_STANDARD"/>
    <property name="java.vm.specification.name" value="Java Virtual Machine Specification"/>
    <property name="user.dir" value="/home/eronads/repos/java/JSXParser"/>
    <property name="java.vm.compressedOopsMode" value="32-bit"/>
    <property name="java.runtime.version" value="19.0.2+9"/>
    <property name="os.arch" value="amd64"/>
    <property name="java.io.tmpdir" value="/tmp"/>
    <property name="line.separator" value="
"/>
    <property name="java.vm.specification.vendor" value="Oracle Corporation"/>
    <property name="stderr.encoding" value="UTF-8"/>
    <property name="os.name" value="Linux"/>
    <property name="classworlds.conf" value="/home/eronads/.sdkman/candidates/maven/current/bin/m2.conf"/>
    <property name="sun.jnu.encoding" value="UTF-8"/>
    <property name="stdout.encoding" value="UTF-8"/>
    <property name="java.library.path" value="/usr/java/packages/lib:/usr/lib64:/lib64:/lib:/usr/lib"/>
    <property name="maven.conf" value="/home/eronads/.sdkman/candidates/maven/current/conf"/>
    <property name="jdk.debug" value="release"/>
    <property name="java.class.version" value="63.0"/>
    <property name="java.specification.name" value="Java Platform API Specification"/>
    <property name="sun.management.compiler" value="HotSpot 64-Bit Tiered Compilers"/>
    <property name="os.version" value="6.1.12-arch1-1"/>
    <property name="library.jansi.path" value="/home/eronads/.sdkman/candidates/maven/current/lib/jansi-native"/>
    <property name="user.home" value="/home/eronads"/>
    <property name="user.timezone" value="America/Sao_Paulo"/>
    <property name="file.encoding" value="UTF-8"/>
    <property name="java.specification.version" value="19"/>
    <property name="user.name" value="eronads"/>
    <property name="java.class.path" value="/home/eronads/.sdkman/candidates/maven/current/boot/plexus-classworlds-2.6.0.jar"/>
    <property name="java.vm.specification.version" value="19"/>
    <property name="sun.arch.data.model" value="64"/>
    <property name="sun.java.command" value="org.codehaus.plexus.classworlds.launcher.Launcher test"/>
    <property name="java.home" value="/home/eronads/.sdkman/candidates/java/19.0.2.fx-librca"/>
    <property name="user.language" value="pt"/>
    <property name="java.specification.vendor" value="Oracle Corporation"/>
    <property name="java.vm.info" value="mixed mode, sharing"/>
    <property name="java.version" value="19.0.2"/>
    <property name="native.encoding" value="UTF-8"/>
    <property name="java.vendor" value="BellSoft"/>
    <property name="maven.home" value="/home/eronads/.sdkman/candidates/maven/current"/>
    <property name="file.separator" value="/"/>
    <property name="java.version.date" value="2023-01-17"/>
    <property name="java.vendor.url.bug" value="https://bell-sw.com/support"/>
    <property name="sun.io.unicode.encoding" value="UnicodeLittle"/>
    <property name="sun.cpu.endian" value="little"/>
  </properties>
  <testcase classname="com.eronalves1996.OpenAndClosingTagsTest" name="com.eronalves1996.OpenAndClosingTagsTest.testShouldProduceErrorAboutEmptyOpenAndClosingTags" time="0.007"/>
  <testcase classname="com.eronalves1996.OpenAndClosingTagsTest" name="com.eronalves1996.OpenAndClosingTagsTest.testShouldParseOpeningAndClosingTagsWithInnerText" time="0.004">
    <failure message="This tag was not opened in JSXTree" type="java.lang.RuntimeException">java.lang.RuntimeException: This tag was not opened in JSXTree
	at com.eronalves1996.tokens.JSXClosingElement.&lt;init&gt;(JSXClosingElement.java:20)
	at com.eronalves1996.tokens.JSXToken.lambda$mountJSXTokenTree$1(JSXToken.java:28)
	at java.base/java.util.stream.ReferencePipeline$3$1.accept(ReferencePipeline.java:197)
	at java.base/java.util.stream.ReferencePipeline$3$1.accept(ReferencePipeline.java:197)
	at java.base/java.util.stream.ReferencePipeline$2$1.accept(ReferencePipeline.java:179)
	at java.base/java.util.Spliterators$ArraySpliterator.forEachRemaining(Spliterators.java:1006)
	at java.base/java.util.stream.AbstractPipeline.copyInto(AbstractPipeline.java:509)
	at java.base/java.util.stream.AbstractPipeline.wrapAndCopyInto(AbstractPipeline.java:499)
	at java.base/java.util.stream.ReduceOps$ReduceOp.evaluateSequential(ReduceOps.java:921)
	at java.base/java.util.stream.AbstractPipeline.evaluate(AbstractPipeline.java:234)
	at java.base/java.util.stream.ReferencePipeline.collect(ReferencePipeline.java:682)
	at com.eronalves1996.tokens.JSXToken.mountJSXTokenTree(JSXToken.java:32)
	at com.eronalves1996.tokens.JSXToken.tokenize(JSXToken.java:16)
	at com.eronalves1996.JSX.&lt;init&gt;(JSX.java:15)
	at com.eronalves1996.JSX.parse(JSX.java:11)
	at com.eronalves1996.OpenAndClosingTagsTest.testShouldParseOpeningAndClosingTagsWithInnerText(OpenAndClosingTagsTest.java:24)
</failure>
    <system-out>pop = div
    This is a test text
sanitized name = div
</system-out>
  </testcase>
</testsuite>